=== Exception at 2026-06-27 15:58:34.783635 ===
Traceback (most recent call last):
  File "C:\Users\Navni Mahendroo\Desktop\PROJECTS\DRIFT 2.0\drift-backend\venv\Lib\site-packages\starlette\middleware\errors.py", line 164, in __call__
    await self.app(scope, receive, _send)
  File "C:\Users\Navni Mahendroo\Desktop\PROJECTS\DRIFT 2.0\drift-backend\venv\Lib\site-packages\starlette\middleware\cors.py", line 96, in __call__
    await self.simple_response(scope, receive, send, request_headers=headers)
  File "C:\Users\Navni Mahendroo\Desktop\PROJECTS\DRIFT 2.0\drift-backend\venv\Lib\site-packages\starlette\middleware\cors.py", line 154, in simple_response
    await self.app(scope, receive, send)
  File "C:\Users\Navni Mahendroo\Desktop\PROJECTS\DRIFT 2.0\drift-backend\venv\Lib\site-packages\starlette\middleware\exceptions.py", line 63, in __call__
    await wrap_app_handling_exceptions(self.app, conn)(scope, receive, send)
  File "C:\Users\Navni Mahendroo\Desktop\PROJECTS\DRIFT 2.0\drift-backend\venv\Lib\site-packages\starlette\_exception_handler.py", line 53, in wrapped_app
    raise exc
  File "C:\Users\Navni Mahendroo\Desktop\PROJECTS\DRIFT 2.0\drift-backend\venv\Lib\site-packages\starlette\_exception_handler.py", line 42, in wrapped_app
    await app(scope, receive, sender)
  File "C:\Users\Navni Mahendroo\Desktop\PROJECTS\DRIFT 2.0\drift-backend\venv\Lib\site-packages\fastapi\middleware\asyncexitstack.py", line 18, in __call__
    await self.app(scope, receive, send)
  File "C:\Users\Navni Mahendroo\Desktop\PROJECTS\DRIFT 2.0\drift-backend\venv\Lib\site-packages\starlette\routing.py", line 660, in __call__
    await self.middleware_stack(scope, receive, send)
  File "C:\Users\Navni Mahendroo\Desktop\PROJECTS\DRIFT 2.0\drift-backend\venv\Lib\site-packages\fastapi\routing.py", line 2531, in app
    await route.handle(scope, receive, send)
  File "C:\Users\Navni Mahendroo\Desktop\PROJECTS\DRIFT 2.0\drift-backend\venv\Lib\site-packages\fastapi\routing.py", line 1241, in handle
    await super().handle(scope, receive, send)
  File "C:\Users\Navni Mahendroo\Desktop\PROJECTS\DRIFT 2.0\drift-backend\venv\Lib\site-packages\starlette\routing.py", line 276, in handle
    await self.app(scope, receive, send)
  File "C:\Users\Navni Mahendroo\Desktop\PROJECTS\DRIFT 2.0\drift-backend\venv\Lib\site-packages\fastapi\routing.py", line 150, in app
    await wrap_app_handling_exceptions(app, request)(scope, receive, send)
  File "C:\Users\Navni Mahendroo\Desktop\PROJECTS\DRIFT 2.0\drift-backend\venv\Lib\site-packages\starlette\_exception_handler.py", line 53, in wrapped_app
    raise exc
  File "C:\Users\Navni Mahendroo\Desktop\PROJECTS\DRIFT 2.0\drift-backend\venv\Lib\site-packages\starlette\_exception_handler.py", line 42, in wrapped_app
    await app(scope, receive, sender)
  File "C:\Users\Navni Mahendroo\Desktop\PROJECTS\DRIFT 2.0\drift-backend\venv\Lib\site-packages\fastapi\routing.py", line 136, in app
    response = await f(request)
               ^^^^^^^^^^^^^^^^
  File "C:\Users\Navni Mahendroo\Desktop\PROJECTS\DRIFT 2.0\drift-backend\venv\Lib\site-packages\fastapi\routing.py", line 690, in app
    raw_response = await run_endpoint_function(
                   ^^^^^^^^^^^^^^^^^^^^^^^^^^^^
    ...<3 lines>...
    )
    ^
  File "C:\Users\Navni Mahendroo\Desktop\PROJECTS\DRIFT 2.0\drift-backend\venv\Lib\site-packages\fastapi\routing.py", line 346, in run_endpoint_function
    return await run_in_threadpool(dependant.call, **values)
           ^^^^^^^^^^^^^^^^^^^^^^^^^^^^^^^^^^^^^^^^^^^^^^^^^
  File "C:\Users\Navni Mahendroo\Desktop\PROJECTS\DRIFT 2.0\drift-backend\venv\Lib\site-packages\starlette\concurrency.py", line 34, in run_in_threadpool
    return await anyio.to_thread.run_sync(func)
           ^^^^^^^^^^^^^^^^^^^^^^^^^^^^^^^^^^^^
  File "C:\Users\Navni Mahendroo\Desktop\PROJECTS\DRIFT 2.0\drift-backend\venv\Lib\site-packages\anyio\to_thread.py", line 63, in run_sync
    return await get_async_backend().run_sync_in_worker_thread(
           ^^^^^^^^^^^^^^^^^^^^^^^^^^^^^^^^^^^^^^^^^^^^^^^^^^^^
        func, args, abandon_on_cancel=abandon_on_cancel, limiter=limiter
        ^^^^^^^^^^^^^^^^^^^^^^^^^^^^^^^^^^^^^^^^^^^^^^^^^^^^^^^^^^^^^^^^
    )
    ^
  File "C:\Users\Navni Mahendroo\Desktop\PROJECTS\DRIFT 2.0\drift-backend\venv\Lib\site-packages\anyio\_backends\_asyncio.py", line 2596, in run_sync_in_worker_thread
    return await future
           ^^^^^^^^^^^^
  File "C:\Users\Navni Mahendroo\Desktop\PROJECTS\DRIFT 2.0\drift-backend\venv\Lib\site-packages\anyio\_backends\_asyncio.py", line 1029, in run
    result = context.run(func, *args)
  File "C:\Users\Navni Mahendroo\Desktop\PROJECTS\DRIFT 2.0\drift-backend\app\main.py", line 68, in register
    hashed_password = auth.get_password_hash(user_in.password)
  File "C:\Users\Navni Mahendroo\Desktop\PROJECTS\DRIFT 2.0\drift-backend\app\auth.py", line 32, in get_password_hash
    return pwd_context.hash(password)
           ~~~~~~~~~~~~~~~~^^^^^^^^^^
  File "C:\Users\Navni Mahendroo\Desktop\PROJECTS\DRIFT 2.0\drift-backend\venv\Lib\site-packages\passlib\context.py", line 2258, in hash
    return record.hash(secret, **kwds)
           ~~~~~~~~~~~^^^^^^^^^^^^^^^^
  File "C:\Users\Navni Mahendroo\Desktop\PROJECTS\DRIFT 2.0\drift-backend\venv\Lib\site-packages\passlib\handlers\argon2.py", line 664, in hash
    cls._stub_requires_backend()
    ~~~~~~~~~~~~~~~~~~~~~~~~~~^^
  File "C:\Users\Navni Mahendroo\Desktop\PROJECTS\DRIFT 2.0\drift-backend\venv\Lib\site-packages\passlib\utils\handlers.py", line 2254, in _stub_requires_backend
    cls.set_backend()
    ~~~~~~~~~~~~~~~^^
  File "C:\Users\Navni Mahendroo\Desktop\PROJECTS\DRIFT 2.0\drift-backend\venv\Lib\site-packages\passlib\utils\handlers.py", line 2156, in set_backend
    return owner.set_backend(name, dryrun=dryrun)
           ~~~~~~~~~~~~~~~~~^^^^^^^^^^^^^^^^^^^^^
  File "C:\Users\Navni Mahendroo\Desktop\PROJECTS\DRIFT 2.0\drift-backend\venv\Lib\site-packages\passlib\utils\handlers.py", line 2176, in set_backend
    raise default_error
passlib.exc.MissingBackendError: argon2: no backends available -- recommend you install one (e.g. 'pip install argon2_cffi')
=== Exception at 2026-06-27 16:01:43.075828 ===
Traceback (most recent call last):
  File "C:\Users\Navni Mahendroo\Desktop\PROJECTS\DRIFT 2.0\drift-backend\venv\Lib\site-packages\starlette\middleware\errors.py", line 164, in __call__
    await self.app(scope, receive, _send)
  File "C:\Users\Navni Mahendroo\Desktop\PROJECTS\DRIFT 2.0\drift-backend\venv\Lib\site-packages\starlette\middleware\cors.py", line 96, in __call__
    await self.simple_response(scope, receive, send, request_headers=headers)
  File "C:\Users\Navni Mahendroo\Desktop\PROJECTS\DRIFT 2.0\drift-backend\venv\Lib\site-packages\starlette\middleware\cors.py", line 154, in simple_response
    await self.app(scope, receive, send)
  File "C:\Users\Navni Mahendroo\Desktop\PROJECTS\DRIFT 2.0\drift-backend\venv\Lib\site-packages\starlette\middleware\exceptions.py", line 63, in __call__
    await wrap_app_handling_exceptions(self.app, conn)(scope, receive, send)
  File "C:\Users\Navni Mahendroo\Desktop\PROJECTS\DRIFT 2.0\drift-backend\venv\Lib\site-packages\starlette\_exception_handler.py", line 53, in wrapped_app
    raise exc
  File "C:\Users\Navni Mahendroo\Desktop\PROJECTS\DRIFT 2.0\drift-backend\venv\Lib\site-packages\starlette\_exception_handler.py", line 42, in wrapped_app
    await app(scope, receive, sender)
  File "C:\Users\Navni Mahendroo\Desktop\PROJECTS\DRIFT 2.0\drift-backend\venv\Lib\site-packages\fastapi\middleware\asyncexitstack.py", line 18, in __call__
    await self.app(scope, receive, send)
  File "C:\Users\Navni Mahendroo\Desktop\PROJECTS\DRIFT 2.0\drift-backend\venv\Lib\site-packages\starlette\routing.py", line 660, in __call__
    await self.middleware_stack(scope, receive, send)
  File "C:\Users\Navni Mahendroo\Desktop\PROJECTS\DRIFT 2.0\drift-backend\venv\Lib\site-packages\fastapi\routing.py", line 2531, in app
    await route.handle(scope, receive, send)
  File "C:\Users\Navni Mahendroo\Desktop\PROJECTS\DRIFT 2.0\drift-backend\venv\Lib\site-packages\fastapi\routing.py", line 1241, in handle
    await super().handle(scope, receive, send)
  File "C:\Users\Navni Mahendroo\Desktop\PROJECTS\DRIFT 2.0\drift-backend\venv\Lib\site-packages\starlette\routing.py", line 276, in handle
    await self.app(scope, receive, send)
  File "C:\Users\Navni Mahendroo\Desktop\PROJECTS\DRIFT 2.0\drift-backend\venv\Lib\site-packages\fastapi\routing.py", line 150, in app
    await wrap_app_handling_exceptions(app, request)(scope, receive, send)
  File "C:\Users\Navni Mahendroo\Desktop\PROJECTS\DRIFT 2.0\drift-backend\venv\Lib\site-packages\starlette\_exception_handler.py", line 53, in wrapped_app
    raise exc
  File "C:\Users\Navni Mahendroo\Desktop\PROJECTS\DRIFT 2.0\drift-backend\venv\Lib\site-packages\starlette\_exception_handler.py", line 42, in wrapped_app
    await app(scope, receive, sender)
  File "C:\Users\Navni Mahendroo\Desktop\PROJECTS\DRIFT 2.0\drift-backend\venv\Lib\site-packages\fastapi\routing.py", line 136, in app
    response = await f(request)
               ^^^^^^^^^^^^^^^^
  File "C:\Users\Navni Mahendroo\Desktop\PROJECTS\DRIFT 2.0\drift-backend\venv\Lib\site-packages\fastapi\routing.py", line 690, in app
    raw_response = await run_endpoint_function(
                   ^^^^^^^^^^^^^^^^^^^^^^^^^^^^
    ...<3 lines>...
    )
    ^
  File "C:\Users\Navni Mahendroo\Desktop\PROJECTS\DRIFT 2.0\drift-backend\venv\Lib\site-packages\fastapi\routing.py", line 346, in run_endpoint_function
    return await run_in_threadpool(dependant.call, **values)
           ^^^^^^^^^^^^^^^^^^^^^^^^^^^^^^^^^^^^^^^^^^^^^^^^^
  File "C:\Users\Navni Mahendroo\Desktop\PROJECTS\DRIFT 2.0\drift-backend\venv\Lib\site-packages\starlette\concurrency.py", line 34, in run_in_threadpool
    return await anyio.to_thread.run_sync(func)
           ^^^^^^^^^^^^^^^^^^^^^^^^^^^^^^^^^^^^
  File "C:\Users\Navni Mahendroo\Desktop\PROJECTS\DRIFT 2.0\drift-backend\venv\Lib\site-packages\anyio\to_thread.py", line 63, in run_sync
    return await get_async_backend().run_sync_in_worker_thread(
           ^^^^^^^^^^^^^^^^^^^^^^^^^^^^^^^^^^^^^^^^^^^^^^^^^^^^
        func, args, abandon_on_cancel=abandon_on_cancel, limiter=limiter
        ^^^^^^^^^^^^^^^^^^^^^^^^^^^^^^^^^^^^^^^^^^^^^^^^^^^^^^^^^^^^^^^^
    )
    ^
  File "C:\Users\Navni Mahendroo\Desktop\PROJECTS\DRIFT 2.0\drift-backend\venv\Lib\site-packages\anyio\_backends\_asyncio.py", line 2596, in run_sync_in_worker_thread
    return await future
           ^^^^^^^^^^^^
  File "C:\Users\Navni Mahendroo\Desktop\PROJECTS\DRIFT 2.0\drift-backend\venv\Lib\site-packages\anyio\_backends\_asyncio.py", line 1029, in run
    result = context.run(func, *args)
  File "C:\Users\Navni Mahendroo\Desktop\PROJECTS\DRIFT 2.0\drift-backend\app\main.py", line 68, in register
    hashed_password = auth.get_password_hash(user_in.password)
  File "C:\Users\Navni Mahendroo\Desktop\PROJECTS\DRIFT 2.0\drift-backend\app\auth.py", line 32, in get_password_hash
    return pwd_context.hash(password)
           ~~~~~~~~~~~~~~~~^^^^^^^^^^
  File "C:\Users\Navni Mahendroo\Desktop\PROJECTS\DRIFT 2.0\drift-backend\venv\Lib\site-packages\passlib\context.py", line 2258, in hash
    return record.hash(secret, **kwds)
           ~~~~~~~~~~~^^^^^^^^^^^^^^^^
  File "C:\Users\Navni Mahendroo\Desktop\PROJECTS\DRIFT 2.0\drift-backend\venv\Lib\site-packages\passlib\utils\handlers.py", line 779, in hash
    self.checksum = self._calc_checksum(secret)
                    ~~~~~~~~~~~~~~~~~~~^^^^^^^^
  File "C:\Users\Navni Mahendroo\Desktop\PROJECTS\DRIFT 2.0\drift-backend\venv\Lib\site-packages\passlib\handlers\bcrypt.py", line 591, in _calc_checksum
    self._stub_requires_backend()
    ~~~~~~~~~~~~~~~~~~~~~~~~~~~^^
  File "C:\Users\Navni Mahendroo\Desktop\PROJECTS\DRIFT 2.0\drift-backend\venv\Lib\site-packages\passlib\utils\handlers.py", line 2254, in _stub_requires_backend
    cls.set_backend()
    ~~~~~~~~~~~~~~~^^
  File "C:\Users\Navni Mahendroo\Desktop\PROJECTS\DRIFT 2.0\drift-backend\venv\Lib\site-packages\passlib\utils\handlers.py", line 2156, in set_backend
    return owner.set_backend(name, dryrun=dryrun)
           ~~~~~~~~~~~~~~~~~^^^^^^^^^^^^^^^^^^^^^
  File "C:\Users\Navni Mahendroo\Desktop\PROJECTS\DRIFT 2.0\drift-backend\venv\Lib\site-packages\passlib\utils\handlers.py", line 2163, in set_backend
    return cls.set_backend(name, dryrun=dryrun)
           ~~~~~~~~~~~~~~~^^^^^^^^^^^^^^^^^^^^^
  File "C:\Users\Navni Mahendroo\Desktop\PROJECTS\DRIFT 2.0\drift-backend\venv\Lib\site-packages\passlib\utils\handlers.py", line 2188, in set_backend
    cls._set_backend(name, dryrun)
    ~~~~~~~~~~~~~~~~^^^^^^^^^^^^^^
  File "C:\Users\Navni Mahendroo\Desktop\PROJECTS\DRIFT 2.0\drift-backend\venv\Lib\site-packages\passlib\utils\handlers.py", line 2311, in _set_backend
    super(SubclassBackendMixin, cls)._set_backend(name, dryrun)
    ~~~~~~~~~~~~~~~~~~~~~~~~~~~~~~~~~~~~~~~~~~~~~^^^^^^^^^^^^^^
  File "C:\Users\Navni Mahendroo\Desktop\PROJECTS\DRIFT 2.0\drift-backend\venv\Lib\site-packages\passlib\utils\handlers.py", line 2224, in _set_backend
    ok = loader(**kwds)
  File "C:\Users\Navni Mahendroo\Desktop\PROJECTS\DRIFT 2.0\drift-backend\venv\Lib\site-packages\passlib\handlers\bcrypt.py", line 626, in _load_backend_mixin
    return mixin_cls._finalize_backend_mixin(name, dryrun)
           ~~~~~~~~~~~~~~~~~~~~~~~~~~~~~~~~~^^^^^^^^^^^^^^
  File "C:\Users\Navni Mahendroo\Desktop\PROJECTS\DRIFT 2.0\drift-backend\venv\Lib\site-packages\passlib\handlers\bcrypt.py", line 421, in _finalize_backend_mixin
    if detect_wrap_bug(IDENT_2A):
       ~~~~~~~~~~~~~~~^^^^^^^^^^
  File "C:\Users\Navni Mahendroo\Desktop\PROJECTS\DRIFT 2.0\drift-backend\venv\Lib\site-packages\passlib\handlers\bcrypt.py", line 380, in detect_wrap_bug
    if verify(secret, bug_hash):
       ~~~~~~^^^^^^^^^^^^^^^^^^
  File "C:\Users\Navni Mahendroo\Desktop\PROJECTS\DRIFT 2.0\drift-backend\venv\Lib\site-packages\passlib\utils\handlers.py", line 792, in verify
    return consteq(self._calc_checksum(secret), chk)
                   ~~~~~~~~~~~~~~~~~~~^^^^^^^^
  File "C:\Users\Navni Mahendroo\Desktop\PROJECTS\DRIFT 2.0\drift-backend\venv\Lib\site-packages\passlib\handlers\bcrypt.py", line 655, in _calc_checksum
    hash = _bcrypt.hashpw(secret, config)
ValueError: password cannot be longer than 72 bytes, truncate manually if necessary (e.g. my_password[:72])
